/**
 * 2018.8.10 面试时遇到的问题.
 */
 1.基础多些 Integer.parseInt, 日期之间的转换SimpleDateFormat,日期的操作(增加一天或者减少一天).
 2.Spring中BeanFactory与ApplicationContext之间的关系.
 3.MySQL的事务等级/left join/ MySQL的函数(特有).
 4.@RequestBody和@ResponseBody的使用?/request与session的区别?/在Spring MVC中对于redirect操作传递参数.
 5.关于Http返回301的编码?redirect与forward的区别?
 6.Redis的5种数据结构?RabbitMQ的topic类型?
 7.Java中的锁机制?Synchronized与ReentrantLock
 8.Jsp中常用的el标签/c:forEach/c:if.
 9.jQuery中问的比较多的是选择器selector. id/class/tag.
 10.HashMap是不是线程安全的?参数因子是多少? 0.75. HashMap底层的数据结构?/如何将HashMap转换成为线程安全的?
 11.在spring MVC中如何获取到Session对象?
 12.Java中使用泛型的作用? 编译期的检查./在反射中访问私有方法或者属性?是否在实际项目中使用过.
 13.日志表log的设计?(表的设计能力) 关键的字段设计.
 14.关于angular/dubbo的内容?
 15.Spring中AOP的实现原理?Cglib和Jdk动态代理的区别?

 /**
  * 2018.8.10下午面试问题.
  */
 1.关于使用redis的作用?redis的分布式缓存问题?
 2.MySQL建立索引的准则,索引的底层实现使用什么表示的?
 3.关于tomcat堆内存的调整问题,以及消息队列的使用场景机制?
 4.HashMap的底层实现?hashMap的负载因子是多少?
 5.关于MySQL的索引和主从复制方面的问题?MyBatis和Spring MVC以及Spring Ioc和Aop原理?
 6.maven如何解决依赖冲突?
 7.Java Web中的监听器和过滤器？Hibernate方面的问题如对象加载机制以及二级缓存(Hibernate和MyBatis).